<?xml version="1.0" encoding="UTF-8"?>
<testng-results ignored="0" total="1" passed="1" failed="0" skipped="0">
  <reporter-output>
  </reporter-output>
  <suite started-at="2024-03-26T17:10:53 IST" name="Default suite" finished-at="2024-03-26T17:11:00 IST" duration-ms="7560">
    <groups>
    </groups>
    <test started-at="2024-03-26T17:10:53 IST" name="Default test" finished-at="2024-03-26T17:11:00 IST" duration-ms="7560">
      <class name="Task_3.Task_3.AppTest">
        <test-method signature="runTest()[pri:0, instance:null(Task_3.Task_3.AppTest)]" started-at="2024-03-26T17:10:53 IST" name="runTest" finished-at="2024-03-26T17:11:00 IST" duration-ms="7519" status="PASS">
          <reporter-output>
          </reporter-output>
        </test-method> <!-- runTest -->
      </class> <!-- Task_3.Task_3.AppTest -->
    </test> <!-- Default test -->
  </suite> <!-- Default suite -->
</testng-results>
